{"D:\\MENTORING\\epm-repo\\movies\\movies\\src\\components\\App.js": {"path":"D:\\MENTORING\\epm-repo\\movies\\movies\\src\\components\\App.js","statementMap":{"0":{"start":{"line":11,"column":31},"end":{"line":11,"column":41}},"1":{"start":{"line":12,"column":42},"end":{"line":14,"column":7}},"2":{"start":{"line":15,"column":6},"end":{"line":17,"column":7}},"3":{"start":{"line":16,"column":8},"end":{"line":16,"column":46}},"4":{"start":{"line":21,"column":4},"end":{"line":29,"column":5}},"5":{"start":{"line":22,"column":31},"end":{"line":22,"column":41}},"6":{"start":{"line":23,"column":42},"end":{"line":25,"column":7}},"7":{"start":{"line":26,"column":6},"end":{"line":28,"column":7}},"8":{"start":{"line":27,"column":8},"end":{"line":27,"column":46}},"9":{"start":{"line":32,"column":4},"end":{"line":39,"column":6}},"10":{"start":{"line":43,"column":27},"end":{"line":45,"column":1}}},"fnMap":{"0":{"name":"(anonymous_0)","decl":{"start":{"line":10,"column":2},"end":{"line":10,"column":3}},"loc":{"start":{"line":10,"column":22},"end":{"line":18,"column":3}},"line":10},"1":{"name":"(anonymous_1)","decl":{"start":{"line":20,"column":2},"end":{"line":20,"column":3}},"loc":{"start":{"line":20,"column":32},"end":{"line":30,"column":3}},"line":20},"2":{"name":"(anonymous_2)","decl":{"start":{"line":31,"column":11},"end":{"line":31,"column":12}},"loc":{"start":{"line":31,"column":17},"end":{"line":40,"column":3}},"line":31}},"branchMap":{"0":{"loc":{"start":{"line":15,"column":6},"end":{"line":17,"column":7}},"type":"if","locations":[{"start":{"line":15,"column":6},"end":{"line":17,"column":7}},{"start":{"line":15,"column":6},"end":{"line":17,"column":7}}],"line":15},"1":{"loc":{"start":{"line":15,"column":10},"end":{"line":15,"column":35}},"type":"binary-expr","locations":[{"start":{"line":15,"column":10},"end":{"line":15,"column":21}},{"start":{"line":15,"column":25},"end":{"line":15,"column":35}}],"line":15},"2":{"loc":{"start":{"line":21,"column":4},"end":{"line":29,"column":5}},"type":"if","locations":[{"start":{"line":21,"column":4},"end":{"line":29,"column":5}},{"start":{"line":21,"column":4},"end":{"line":29,"column":5}}],"line":21},"3":{"loc":{"start":{"line":26,"column":6},"end":{"line":28,"column":7}},"type":"if","locations":[{"start":{"line":26,"column":6},"end":{"line":28,"column":7}},{"start":{"line":26,"column":6},"end":{"line":28,"column":7}}],"line":26},"4":{"loc":{"start":{"line":26,"column":10},"end":{"line":26,"column":35}},"type":"binary-expr","locations":[{"start":{"line":26,"column":10},"end":{"line":26,"column":21}},{"start":{"line":26,"column":25},"end":{"line":26,"column":35}}],"line":26}},"s":{"0":0,"1":0,"2":0,"3":0,"4":0,"5":0,"6":0,"7":0,"8":0,"9":0,"10":1},"f":{"0":0,"1":0,"2":0},"b":{"0":[0,0],"1":[0,0],"2":[0,0],"3":[0,0],"4":[0,0]},"_coverageSchema":"43e27e138ebf9cfc5966b082cf9a028302ed4184","hash":"4ed07ebdf742a04639967cd803c3a37a27aab78a"}
,"D:\\MENTORING\\epm-repo\\movies\\movies\\src\\components\\BackButton.js": {"path":"D:\\MENTORING\\epm-repo\\movies\\movies\\src\\components\\BackButton.js","statementMap":{"0":{"start":{"line":7,"column":4},"end":{"line":7,"column":41}},"1":{"start":{"line":11,"column":4},"end":{"line":21,"column":6}}},"fnMap":{"0":{"name":"(anonymous_0)","decl":{"start":{"line":6,"column":11},"end":{"line":6,"column":12}},"loc":{"start":{"line":6,"column":17},"end":{"line":8,"column":3}},"line":6},"1":{"name":"(anonymous_1)","decl":{"start":{"line":10,"column":11},"end":{"line":10,"column":12}},"loc":{"start":{"line":10,"column":17},"end":{"line":22,"column":3}},"line":10}},"branchMap":{},"s":{"0":1,"1":1},"f":{"0":1,"1":1},"b":{},"_coverageSchema":"43e27e138ebf9cfc5966b082cf9a028302ed4184","hash":"c2c6fc681085da8da0614e31aa64504b0bda2aab"}
,"D:\\MENTORING\\epm-repo\\movies\\movies\\src\\components\\ErrorBoundary.js": {"path":"D:\\MENTORING\\epm-repo\\movies\\movies\\src\\components\\ErrorBoundary.js","statementMap":{"0":{"start":{"line":6,"column":4},"end":{"line":6,"column":17}},"1":{"start":{"line":7,"column":4},"end":{"line":7,"column":37}},"2":{"start":{"line":12,"column":4},"end":{"line":12,"column":30}},"3":{"start":{"line":17,"column":4},"end":{"line":17,"column":29}},"4":{"start":{"line":21,"column":4},"end":{"line":24,"column":5}},"5":{"start":{"line":23,"column":6},"end":{"line":23,"column":32}},"6":{"start":{"line":26,"column":4},"end":{"line":26,"column":31}}},"fnMap":{"0":{"name":"(anonymous_0)","decl":{"start":{"line":5,"column":2},"end":{"line":5,"column":3}},"loc":{"start":{"line":5,"column":21},"end":{"line":8,"column":3}},"line":5},"1":{"name":"(anonymous_1)","decl":{"start":{"line":10,"column":2},"end":{"line":10,"column":3}},"loc":{"start":{"line":10,"column":41},"end":{"line":13,"column":3}},"line":10},"2":{"name":"(anonymous_2)","decl":{"start":{"line":15,"column":2},"end":{"line":15,"column":3}},"loc":{"start":{"line":15,"column":33},"end":{"line":18,"column":3}},"line":15},"3":{"name":"(anonymous_3)","decl":{"start":{"line":20,"column":2},"end":{"line":20,"column":3}},"loc":{"start":{"line":20,"column":11},"end":{"line":27,"column":3}},"line":20}},"branchMap":{"0":{"loc":{"start":{"line":21,"column":4},"end":{"line":24,"column":5}},"type":"if","locations":[{"start":{"line":21,"column":4},"end":{"line":24,"column":5}},{"start":{"line":21,"column":4},"end":{"line":24,"column":5}}],"line":21}},"s":{"0":2,"1":2,"2":1,"3":1,"4":3,"5":1,"6":2},"f":{"0":2,"1":1,"2":1,"3":3},"b":{"0":[1,2]},"_coverageSchema":"43e27e138ebf9cfc5966b082cf9a028302ed4184","hash":"02fdc787662d41749b5d1ac3d975488ded082d2a"}
,"D:\\MENTORING\\epm-repo\\movies\\movies\\src\\components\\movie\\MovieCover.js": {"path":"D:\\MENTORING\\epm-repo\\movies\\movies\\src\\components\\movie\\MovieCover.js","statementMap":{"0":{"start":{"line":4,"column":19},"end":{"line":9,"column":1}},"1":{"start":{"line":5,"column":31},"end":{"line":5,"column":36}},"2":{"start":{"line":6,"column":2},"end":{"line":8,"column":4}}},"fnMap":{"0":{"name":"(anonymous_0)","decl":{"start":{"line":4,"column":19},"end":{"line":4,"column":20}},"loc":{"start":{"line":4,"column":28},"end":{"line":9,"column":1}},"line":4}},"branchMap":{},"s":{"0":4,"1":0,"2":0},"f":{"0":0},"b":{},"_coverageSchema":"43e27e138ebf9cfc5966b082cf9a028302ed4184","hash":"82cf4de98f283db3c349bc643f81394251818096"}
,"D:\\MENTORING\\epm-repo\\movies\\movies\\src\\components\\movie\\MovieDescription.js": {"path":"D:\\MENTORING\\epm-repo\\movies\\movies\\src\\components\\movie\\MovieDescription.js","statementMap":{"0":{"start":{"line":3,"column":25},"end":{"line":6,"column":1}},"1":{"start":{"line":4,"column":26},"end":{"line":4,"column":31}},"2":{"start":{"line":5,"column":2},"end":{"line":5,"column":58}}},"fnMap":{"0":{"name":"(anonymous_0)","decl":{"start":{"line":3,"column":25},"end":{"line":3,"column":26}},"loc":{"start":{"line":3,"column":34},"end":{"line":6,"column":1}},"line":3}},"branchMap":{},"s":{"0":1,"1":0,"2":0},"f":{"0":0},"b":{},"_coverageSchema":"43e27e138ebf9cfc5966b082cf9a028302ed4184","hash":"3f23291f86e05170529aa7887d8c9a3c00ca88f6"}
,"D:\\MENTORING\\epm-repo\\movies\\movies\\src\\components\\movie\\MovieDetails.js": {"path":"D:\\MENTORING\\epm-repo\\movies\\movies\\src\\components\\movie\\MovieDetails.js","statementMap":{"0":{"start":{"line":3,"column":21},"end":{"line":15,"column":1}},"1":{"start":{"line":4,"column":36},"end":{"line":4,"column":41}},"2":{"start":{"line":5,"column":19},"end":{"line":5,"column":24}},"3":{"start":{"line":6,"column":27},"end":{"line":6,"column":52}},"4":{"start":{"line":7,"column":2},"end":{"line":14,"column":4}}},"fnMap":{"0":{"name":"(anonymous_0)","decl":{"start":{"line":3,"column":21},"end":{"line":3,"column":22}},"loc":{"start":{"line":3,"column":30},"end":{"line":15,"column":1}},"line":3}},"branchMap":{},"s":{"0":1,"1":0,"2":0,"3":0,"4":0},"f":{"0":0},"b":{},"_coverageSchema":"43e27e138ebf9cfc5966b082cf9a028302ed4184","hash":"de590a28b53b4640346489cf5c0f90de3bbe8b3f"}
,"D:\\MENTORING\\epm-repo\\movies\\movies\\src\\components\\movie\\MovieGenres.js": {"path":"D:\\MENTORING\\epm-repo\\movies\\movies\\src\\components\\movie\\MovieGenres.js","statementMap":{"0":{"start":{"line":3,"column":20},"end":{"line":11,"column":1}},"1":{"start":{"line":4,"column":21},"end":{"line":4,"column":26}},"2":{"start":{"line":6,"column":2},"end":{"line":10,"column":4}}},"fnMap":{"0":{"name":"(anonymous_0)","decl":{"start":{"line":3,"column":20},"end":{"line":3,"column":21}},"loc":{"start":{"line":3,"column":29},"end":{"line":11,"column":1}},"line":3}},"branchMap":{"0":{"loc":{"start":{"line":8,"column":7},"end":{"line":8,"column":66}},"type":"binary-expr","locations":[{"start":{"line":8,"column":7},"end":{"line":8,"column":13}},{"start":{"line":8,"column":17},"end":{"line":8,"column":66}}],"line":8}},"s":{"0":4,"1":0,"2":0},"f":{"0":0},"b":{"0":[0,0]},"_coverageSchema":"43e27e138ebf9cfc5966b082cf9a028302ed4184","hash":"bb32102269a2051ded6d3a13a9545125b8de7b2e"}
,"D:\\MENTORING\\epm-repo\\movies\\movies\\src\\components\\movie\\MovieRating.js": {"path":"D:\\MENTORING\\epm-repo\\movies\\movies\\src\\components\\movie\\MovieRating.js","statementMap":{"0":{"start":{"line":3,"column":20},"end":{"line":6,"column":1}},"1":{"start":{"line":4,"column":21},"end":{"line":4,"column":26}},"2":{"start":{"line":5,"column":2},"end":{"line":5,"column":72}}},"fnMap":{"0":{"name":"(anonymous_0)","decl":{"start":{"line":3,"column":20},"end":{"line":3,"column":21}},"loc":{"start":{"line":3,"column":29},"end":{"line":6,"column":1}},"line":3}},"branchMap":{},"s":{"0":1,"1":0,"2":0},"f":{"0":0},"b":{},"_coverageSchema":"43e27e138ebf9cfc5966b082cf9a028302ed4184","hash":"8362072ee0540ae8df5a592b02d4209d8a084651"}
,"D:\\MENTORING\\epm-repo\\movies\\movies\\src\\components\\movie\\MovieTitle.js": {"path":"D:\\MENTORING\\epm-repo\\movies\\movies\\src\\components\\movie\\MovieTitle.js","statementMap":{"0":{"start":{"line":3,"column":19},"end":{"line":6,"column":1}},"1":{"start":{"line":4,"column":20},"end":{"line":4,"column":25}},"2":{"start":{"line":5,"column":2},"end":{"line":5,"column":44}}},"fnMap":{"0":{"name":"(anonymous_0)","decl":{"start":{"line":3,"column":19},"end":{"line":3,"column":20}},"loc":{"start":{"line":3,"column":28},"end":{"line":6,"column":1}},"line":3}},"branchMap":{},"s":{"0":4,"1":0,"2":0},"f":{"0":0},"b":{},"_coverageSchema":"43e27e138ebf9cfc5966b082cf9a028302ed4184","hash":"97b71a88188abfc017f0f06e370754361f626545"}
,"D:\\MENTORING\\epm-repo\\movies\\movies\\src\\components\\movie\\MovieView.js": {"path":"D:\\MENTORING\\epm-repo\\movies\\movies\\src\\components\\movie\\MovieView.js","statementMap":{"0":{"start":{"line":19,"column":25},"end":{"line":19,"column":35}},"1":{"start":{"line":20,"column":19},"end":{"line":20,"column":42}},"2":{"start":{"line":21,"column":4},"end":{"line":21,"column":17}},"3":{"start":{"line":24,"column":4},"end":{"line":28,"column":5}},"4":{"start":{"line":25,"column":27},"end":{"line":25,"column":37}},"5":{"start":{"line":26,"column":21},"end":{"line":26,"column":44}},"6":{"start":{"line":27,"column":6},"end":{"line":27,"column":19}},"7":{"start":{"line":40,"column":8},"end":{"line":40,"column":24}},"8":{"start":{"line":41,"column":4},"end":{"line":56,"column":6}},"9":{"start":{"line":60,"column":27},"end":{"line":62,"column":1}},"10":{"start":{"line":64,"column":24},"end":{"line":68,"column":1}},"11":{"start":{"line":65,"column":2},"end":{"line":67,"column":4}}},"fnMap":{"0":{"name":"(anonymous_0)","decl":{"start":{"line":18,"column":2},"end":{"line":18,"column":3}},"loc":{"start":{"line":18,"column":21},"end":{"line":22,"column":3}},"line":18},"1":{"name":"(anonymous_1)","decl":{"start":{"line":23,"column":2},"end":{"line":23,"column":3}},"loc":{"start":{"line":23,"column":31},"end":{"line":29,"column":3}},"line":23},"2":{"name":"(anonymous_2)","decl":{"start":{"line":30,"column":11},"end":{"line":30,"column":12}},"loc":{"start":{"line":30,"column":17},"end":{"line":57,"column":3}},"line":30},"3":{"name":"(anonymous_3)","decl":{"start":{"line":64,"column":24},"end":{"line":64,"column":25}},"loc":{"start":{"line":64,"column":33},"end":{"line":68,"column":1}},"line":64}},"branchMap":{"0":{"loc":{"start":{"line":24,"column":4},"end":{"line":28,"column":5}},"type":"if","locations":[{"start":{"line":24,"column":4},"end":{"line":28,"column":5}},{"start":{"line":24,"column":4},"end":{"line":28,"column":5}}],"line":24}},"s":{"0":1,"1":1,"2":1,"3":0,"4":0,"5":0,"6":0,"7":1,"8":1,"9":1,"10":1,"11":0},"f":{"0":1,"1":0,"2":1,"3":0},"b":{"0":[0,0]},"_coverageSchema":"43e27e138ebf9cfc5966b082cf9a028302ed4184","hash":"b7448bf0da75f7124529b393c1589d6536b5084b"}
,"D:\\MENTORING\\epm-repo\\movies\\movies\\src\\components\\movie\\RecommendedMovies.js": {"path":"D:\\MENTORING\\epm-repo\\movies\\movies\\src\\components\\movie\\RecommendedMovies.js","statementMap":{"0":{"start":{"line":9,"column":45},"end":{"line":9,"column":55}},"1":{"start":{"line":10,"column":4},"end":{"line":12,"column":5}},"2":{"start":{"line":11,"column":6},"end":{"line":11,"column":35}},"3":{"start":{"line":16,"column":27},"end":{"line":16,"column":37}},"4":{"start":{"line":18,"column":4},"end":{"line":25,"column":23}},"5":{"start":{"line":19,"column":6},"end":{"line":24,"column":8}},"6":{"start":{"line":25,"column":11},"end":{"line":25,"column":23}},"7":{"start":{"line":29,"column":27},"end":{"line":31,"column":1}},"8":{"start":{"line":33,"column":24},"end":{"line":37,"column":1}},"9":{"start":{"line":34,"column":2},"end":{"line":36,"column":4}}},"fnMap":{"0":{"name":"(anonymous_0)","decl":{"start":{"line":8,"column":2},"end":{"line":8,"column":3}},"loc":{"start":{"line":8,"column":32},"end":{"line":13,"column":3}},"line":8},"1":{"name":"(anonymous_1)","decl":{"start":{"line":15,"column":11},"end":{"line":15,"column":12}},"loc":{"start":{"line":15,"column":17},"end":{"line":26,"column":3}},"line":15},"2":{"name":"(anonymous_2)","decl":{"start":{"line":33,"column":24},"end":{"line":33,"column":25}},"loc":{"start":{"line":33,"column":33},"end":{"line":37,"column":1}},"line":33}},"branchMap":{"0":{"loc":{"start":{"line":10,"column":4},"end":{"line":12,"column":5}},"type":"if","locations":[{"start":{"line":10,"column":4},"end":{"line":12,"column":5}},{"start":{"line":10,"column":4},"end":{"line":12,"column":5}}],"line":10},"1":{"loc":{"start":{"line":10,"column":8},"end":{"line":10,"column":56}},"type":"binary-expr","locations":[{"start":{"line":10,"column":8},"end":{"line":10,"column":14}},{"start":{"line":10,"column":18},"end":{"line":10,"column":56}}],"line":10},"2":{"loc":{"start":{"line":18,"column":4},"end":{"line":25,"column":23}},"type":"if","locations":[{"start":{"line":18,"column":4},"end":{"line":25,"column":23}},{"start":{"line":18,"column":4},"end":{"line":25,"column":23}}],"line":18}},"s":{"0":1,"1":1,"2":1,"3":2,"4":2,"5":0,"6":2,"7":2,"8":2,"9":0},"f":{"0":1,"1":2,"2":0},"b":{"0":[1,0],"1":[1,1],"2":[0,2]},"_coverageSchema":"43e27e138ebf9cfc5966b082cf9a028302ed4184","hash":"7c4c2122300103a56f183a426c18dc8025dfde37"}
,"D:\\MENTORING\\epm-repo\\movies\\movies\\src\\components\\movies-list\\MoviesList.js": {"path":"D:\\MENTORING\\epm-repo\\movies\\movies\\src\\components\\movies-list\\MoviesList.js","statementMap":{"0":{"start":{"line":7,"column":27},"end":{"line":7,"column":37}},"1":{"start":{"line":8,"column":4},"end":{"line":23,"column":6}},"2":{"start":{"line":11,"column":10},"end":{"line":20,"column":12}}},"fnMap":{"0":{"name":"(anonymous_0)","decl":{"start":{"line":6,"column":11},"end":{"line":6,"column":12}},"loc":{"start":{"line":6,"column":17},"end":{"line":24,"column":3}},"line":6},"1":{"name":"(anonymous_1)","decl":{"start":{"line":10,"column":24},"end":{"line":10,"column":25}},"loc":{"start":{"line":11,"column":10},"end":{"line":20,"column":12}},"line":11}},"branchMap":{},"s":{"0":0,"1":0,"2":0},"f":{"0":0,"1":0},"b":{},"_coverageSchema":"43e27e138ebf9cfc5966b082cf9a028302ed4184","hash":"002aa10bc567310ab04b204dda88ee0e7d6fe41a"}
,"D:\\MENTORING\\epm-repo\\movies\\movies\\src\\components\\movies-list\\movies-list-item\\MoviesListItem.js": {"path":"D:\\MENTORING\\epm-repo\\movies\\movies\\src\\components\\movies-list\\movies-list-item\\MoviesListItem.js","statementMap":{"0":{"start":{"line":10,"column":52},"end":{"line":10,"column":62}},"1":{"start":{"line":12,"column":4},"end":{"line":21,"column":6}}},"fnMap":{"0":{"name":"(anonymous_0)","decl":{"start":{"line":9,"column":11},"end":{"line":9,"column":12}},"loc":{"start":{"line":9,"column":17},"end":{"line":22,"column":3}},"line":9}},"branchMap":{},"s":{"0":0,"1":0},"f":{"0":0},"b":{},"_coverageSchema":"43e27e138ebf9cfc5966b082cf9a028302ed4184","hash":"bdd6aef7d4cccb08777dcad49119ed6c29abbb06"}
,"D:\\MENTORING\\epm-repo\\movies\\movies\\src\\components\\search\\Search.js": {"path":"D:\\MENTORING\\epm-repo\\movies\\movies\\src\\components\\search\\Search.js","statementMap":{"0":{"start":{"line":9,"column":4},"end":{"line":9,"column":17}},"1":{"start":{"line":10,"column":4},"end":{"line":10,"column":60}},"2":{"start":{"line":14,"column":40},"end":{"line":14,"column":50}},"3":{"start":{"line":15,"column":16},"end":{"line":15,"column":77}},"4":{"start":{"line":16,"column":4},"end":{"line":16,"column":33}},"5":{"start":{"line":20,"column":4},"end":{"line":20,"column":43}},"6":{"start":{"line":24,"column":4},"end":{"line":24,"column":43}},"7":{"start":{"line":28,"column":4},"end":{"line":30,"column":7}},"8":{"start":{"line":34,"column":4},"end":{"line":57,"column":6}}},"fnMap":{"0":{"name":"(anonymous_0)","decl":{"start":{"line":8,"column":2},"end":{"line":8,"column":3}},"loc":{"start":{"line":8,"column":21},"end":{"line":11,"column":3}},"line":8},"1":{"name":"(anonymous_1)","decl":{"start":{"line":13,"column":18},"end":{"line":13,"column":19}},"loc":{"start":{"line":13,"column":24},"end":{"line":17,"column":3}},"line":13},"2":{"name":"(anonymous_2)","decl":{"start":{"line":19,"column":25},"end":{"line":19,"column":26}},"loc":{"start":{"line":19,"column":31},"end":{"line":21,"column":3}},"line":19},"3":{"name":"(anonymous_3)","decl":{"start":{"line":23,"column":25},"end":{"line":23,"column":26}},"loc":{"start":{"line":23,"column":31},"end":{"line":25,"column":3}},"line":23},"4":{"name":"(anonymous_4)","decl":{"start":{"line":27,"column":24},"end":{"line":27,"column":25}},"loc":{"start":{"line":27,"column":29},"end":{"line":31,"column":3}},"line":27},"5":{"name":"(anonymous_5)","decl":{"start":{"line":33,"column":11},"end":{"line":33,"column":12}},"loc":{"start":{"line":33,"column":17},"end":{"line":58,"column":3}},"line":33}},"branchMap":{},"s":{"0":3,"1":3,"2":1,"3":1,"4":1,"5":1,"6":1,"7":1,"8":6},"f":{"0":3,"1":1,"2":1,"3":1,"4":1,"5":6},"b":{},"_coverageSchema":"43e27e138ebf9cfc5966b082cf9a028302ed4184","hash":"6d489af7073b34a7af71b874a6c9a8430e72776f"}
,"D:\\MENTORING\\epm-repo\\movies\\movies\\src\\components\\search\\SearchType.js": {"path":"D:\\MENTORING\\epm-repo\\movies\\movies\\src\\components\\search\\SearchType.js","statementMap":{"0":{"start":{"line":9,"column":59},"end":{"line":9,"column":69}},"1":{"start":{"line":10,"column":4},"end":{"line":28,"column":6}}},"fnMap":{"0":{"name":"(anonymous_0)","decl":{"start":{"line":8,"column":11},"end":{"line":8,"column":12}},"loc":{"start":{"line":8,"column":17},"end":{"line":29,"column":3}},"line":8}},"branchMap":{},"s":{"0":3,"1":3},"f":{"0":3},"b":{},"_coverageSchema":"43e27e138ebf9cfc5966b082cf9a028302ed4184","hash":"9d332dd5c6fdab3dcf7a285979e3335f6f814c96"}
,"D:\\MENTORING\\epm-repo\\movies\\movies\\src\\components\\search-results\\SearchResults.js": {"path":"D:\\MENTORING\\epm-repo\\movies\\movies\\src\\components\\search-results\\SearchResults.js","statementMap":{"0":{"start":{"line":12,"column":27},"end":{"line":12,"column":37}},"1":{"start":{"line":13,"column":4},"end":{"line":27,"column":6}},"2":{"start":{"line":32,"column":24},"end":{"line":36,"column":1}},"3":{"start":{"line":33,"column":2},"end":{"line":35,"column":4}}},"fnMap":{"0":{"name":"(anonymous_0)","decl":{"start":{"line":11,"column":11},"end":{"line":11,"column":12}},"loc":{"start":{"line":11,"column":17},"end":{"line":28,"column":3}},"line":11},"1":{"name":"(anonymous_1)","decl":{"start":{"line":32,"column":24},"end":{"line":32,"column":25}},"loc":{"start":{"line":32,"column":33},"end":{"line":36,"column":1}},"line":32}},"branchMap":{"0":{"loc":{"start":{"line":15,"column":9},"end":{"line":25,"column":9}},"type":"cond-expr","locations":[{"start":{"line":16,"column":10},"end":{"line":22,"column":16}},{"start":{"line":24,"column":10},"end":{"line":24,"column":39}}],"line":15}},"s":{"0":1,"1":1,"2":2,"3":0},"f":{"0":1,"1":0},"b":{"0":[0,1]},"_coverageSchema":"43e27e138ebf9cfc5966b082cf9a028302ed4184","hash":"054d3d067a828cf9499a7e8381425e14748bbc71"}
,"D:\\MENTORING\\epm-repo\\movies\\movies\\src\\components\\search-results\\SearchResultsCount.js": {"path":"D:\\MENTORING\\epm-repo\\movies\\movies\\src\\components\\search-results\\SearchResultsCount.js","statementMap":{"0":{"start":{"line":5,"column":27},"end":{"line":17,"column":1}},"1":{"start":{"line":6,"column":20},"end":{"line":6,"column":25}},"2":{"start":{"line":7,"column":2},"end":{"line":16,"column":4}}},"fnMap":{"0":{"name":"(anonymous_0)","decl":{"start":{"line":5,"column":27},"end":{"line":5,"column":28}},"loc":{"start":{"line":5,"column":36},"end":{"line":17,"column":1}},"line":5}},"branchMap":{},"s":{"0":3,"1":2,"2":2},"f":{"0":2},"b":{},"_coverageSchema":"43e27e138ebf9cfc5966b082cf9a028302ed4184","hash":"3d695e7ceeae89d26ff3ae5989164cb7fa9a7efd"}
,"D:\\MENTORING\\epm-repo\\movies\\movies\\src\\components\\sorting\\Sorting.js": {"path":"D:\\MENTORING\\epm-repo\\movies\\movies\\src\\components\\sorting\\Sorting.js","statementMap":{"0":{"start":{"line":13,"column":4},"end":{"line":13,"column":17}},"1":{"start":{"line":14,"column":4},"end":{"line":14,"column":49}},"2":{"start":{"line":18,"column":27},"end":{"line":18,"column":37}},"3":{"start":{"line":19,"column":28},"end":{"line":19,"column":38}},"4":{"start":{"line":20,"column":4},"end":{"line":22,"column":5}},"5":{"start":{"line":21,"column":6},"end":{"line":21,"column":30}},"6":{"start":{"line":26,"column":4},"end":{"line":26,"column":51}},"7":{"start":{"line":30,"column":4},"end":{"line":30,"column":51}},"8":{"start":{"line":34,"column":4},"end":{"line":56,"column":6}},"9":{"start":{"line":60,"column":27},"end":{"line":62,"column":1}}},"fnMap":{"0":{"name":"(anonymous_0)","decl":{"start":{"line":12,"column":2},"end":{"line":12,"column":3}},"loc":{"start":{"line":12,"column":21},"end":{"line":15,"column":3}},"line":12},"1":{"name":"(anonymous_1)","decl":{"start":{"line":17,"column":23},"end":{"line":17,"column":24}},"loc":{"start":{"line":17,"column":49},"end":{"line":23,"column":3}},"line":17},"2":{"name":"(anonymous_2)","decl":{"start":{"line":25,"column":25},"end":{"line":25,"column":26}},"loc":{"start":{"line":25,"column":30},"end":{"line":27,"column":3}},"line":25},"3":{"name":"(anonymous_3)","decl":{"start":{"line":29,"column":24},"end":{"line":29,"column":25}},"loc":{"start":{"line":29,"column":29},"end":{"line":31,"column":3}},"line":29},"4":{"name":"(anonymous_4)","decl":{"start":{"line":33,"column":11},"end":{"line":33,"column":12}},"loc":{"start":{"line":33,"column":17},"end":{"line":57,"column":3}},"line":33}},"branchMap":{"0":{"loc":{"start":{"line":20,"column":4},"end":{"line":22,"column":5}},"type":"if","locations":[{"start":{"line":20,"column":4},"end":{"line":22,"column":5}},{"start":{"line":20,"column":4},"end":{"line":22,"column":5}}],"line":20}},"s":{"0":1,"1":1,"2":2,"3":2,"4":2,"5":1,"6":1,"7":1,"8":3,"9":3},"f":{"0":1,"1":2,"2":1,"3":1,"4":3},"b":{"0":[1,1]},"_coverageSchema":"43e27e138ebf9cfc5966b082cf9a028302ed4184","hash":"8f44301c7f3aa731527c0af19e6d4be07e362712"}
,"D:\\MENTORING\\epm-repo\\movies\\movies\\src\\components\\test-helpers\\ContextWrap.js": {"path":"D:\\MENTORING\\epm-repo\\movies\\movies\\src\\components\\test-helpers\\ContextWrap.js","statementMap":{"0":{"start":{"line":6,"column":16},"end":{"line":6,"column":37}},"1":{"start":{"line":9,"column":15},"end":{"line":15,"column":1}},"2":{"start":{"line":17,"column":22},"end":{"line":20,"column":2}},"3":{"start":{"line":17,"column":29},"end":{"line":20,"column":1}},"4":{"start":{"line":23,"column":2},"end":{"line":23,"column":38}},"5":{"start":{"line":27,"column":2},"end":{"line":27,"column":40}}},"fnMap":{"0":{"name":"(anonymous_0)","decl":{"start":{"line":17,"column":22},"end":{"line":17,"column":23}},"loc":{"start":{"line":17,"column":29},"end":{"line":20,"column":1}},"line":17},"1":{"name":"mountWrap","decl":{"start":{"line":22,"column":16},"end":{"line":22,"column":25}},"loc":{"start":{"line":22,"column":32},"end":{"line":24,"column":1}},"line":22},"2":{"name":"shallowWrap","decl":{"start":{"line":26,"column":16},"end":{"line":26,"column":27}},"loc":{"start":{"line":26,"column":34},"end":{"line":28,"column":1}},"line":26}},"branchMap":{},"s":{"0":3,"1":3,"2":3,"3":0,"4":0,"5":0},"f":{"0":0,"1":0,"2":0},"b":{},"_coverageSchema":"43e27e138ebf9cfc5966b082cf9a028302ed4184","hash":"b26fdc220ffc2580bb692d3e0d55faf182ccd146"}
,"D:\\MENTORING\\epm-repo\\movies\\movies\\src\\environment\\const.js": {"path":"D:\\MENTORING\\epm-repo\\movies\\movies\\src\\environment\\const.js","statementMap":{"0":{"start":{"line":1,"column":34},"end":{"line":1,"column":39}},"1":{"start":{"line":2,"column":37},"end":{"line":2,"column":44}},"2":{"start":{"line":3,"column":27},"end":{"line":3,"column":34}},"3":{"start":{"line":4,"column":25},"end":{"line":4,"column":68}},"4":{"start":{"line":5,"column":29},"end":{"line":5,"column":37}},"5":{"start":{"line":6,"column":33},"end":{"line":6,"column":40}},"6":{"start":{"line":7,"column":33},"end":{"line":7,"column":40}},"7":{"start":{"line":8,"column":23},"end":{"line":8,"column":45}},"8":{"start":{"line":9,"column":34},"end":{"line":9,"column":42}},"9":{"start":{"line":10,"column":35},"end":{"line":10,"column":49}},"10":{"start":{"line":11,"column":28},"end":{"line":11,"column":39}},"11":{"start":{"line":12,"column":27},"end":{"line":12,"column":40}},"12":{"start":{"line":13,"column":32},"end":{"line":13,"column":48}},"13":{"start":{"line":14,"column":33},"end":{"line":14,"column":48}},"14":{"start":{"line":15,"column":34},"end":{"line":15,"column":54}},"15":{"start":{"line":16,"column":25},"end":{"line":16,"column":28}},"16":{"start":{"line":17,"column":24},"end":{"line":17,"column":60}},"17":{"start":{"line":18,"column":26},"end":{"line":18,"column":45}}},"fnMap":{},"branchMap":{},"s":{"0":12,"1":12,"2":12,"3":12,"4":12,"5":12,"6":12,"7":12,"8":12,"9":12,"10":12,"11":12,"12":12,"13":12,"14":12,"15":12,"16":12,"17":12},"f":{},"b":{},"_coverageSchema":"43e27e138ebf9cfc5966b082cf9a028302ed4184","hash":"0ede60c96c6e2cc7f73b8519b6693c0e21abf921"}
,"D:\\MENTORING\\epm-repo\\movies\\movies\\src\\redux\\action-creators\\actionCreators.js": {"path":"D:\\MENTORING\\epm-repo\\movies\\movies\\src\\redux\\action-creators\\actionCreators.js","statementMap":{"0":{"start":{"line":11,"column":2},"end":{"line":15,"column":4}},"1":{"start":{"line":12,"column":4},"end":{"line":14,"column":7}},"2":{"start":{"line":13,"column":6},"end":{"line":13,"column":46}},"3":{"start":{"line":19,"column":2},"end":{"line":22,"column":4}},"4":{"start":{"line":26,"column":2},"end":{"line":30,"column":4}},"5":{"start":{"line":27,"column":4},"end":{"line":29,"column":7}},"6":{"start":{"line":28,"column":6},"end":{"line":28,"column":37}},"7":{"start":{"line":34,"column":2},"end":{"line":37,"column":4}},"8":{"start":{"line":41,"column":2},"end":{"line":45,"column":4}},"9":{"start":{"line":42,"column":4},"end":{"line":44,"column":7}},"10":{"start":{"line":43,"column":6},"end":{"line":43,"column":54}},"11":{"start":{"line":49,"column":2},"end":{"line":52,"column":4}},"12":{"start":{"line":56,"column":2},"end":{"line":60,"column":4}},"13":{"start":{"line":57,"column":4},"end":{"line":59,"column":7}},"14":{"start":{"line":58,"column":6},"end":{"line":58,"column":44}},"15":{"start":{"line":64,"column":2},"end":{"line":67,"column":4}},"16":{"start":{"line":71,"column":2},"end":{"line":75,"column":4}},"17":{"start":{"line":72,"column":4},"end":{"line":74,"column":7}},"18":{"start":{"line":73,"column":6},"end":{"line":73,"column":46}},"19":{"start":{"line":79,"column":2},"end":{"line":82,"column":4}}},"fnMap":{"0":{"name":"getMovieList","decl":{"start":{"line":10,"column":16},"end":{"line":10,"column":28}},"loc":{"start":{"line":10,"column":31},"end":{"line":16,"column":1}},"line":10},"1":{"name":"(anonymous_1)","decl":{"start":{"line":11,"column":9},"end":{"line":11,"column":10}},"loc":{"start":{"line":11,"column":21},"end":{"line":15,"column":3}},"line":11},"2":{"name":"(anonymous_2)","decl":{"start":{"line":12,"column":37},"end":{"line":12,"column":38}},"loc":{"start":{"line":12,"column":44},"end":{"line":14,"column":5}},"line":12},"3":{"name":"getMovieListSuccess","decl":{"start":{"line":18,"column":16},"end":{"line":18,"column":35}},"loc":{"start":{"line":18,"column":44},"end":{"line":23,"column":1}},"line":18},"4":{"name":"getMovie","decl":{"start":{"line":25,"column":16},"end":{"line":25,"column":24}},"loc":{"start":{"line":25,"column":29},"end":{"line":31,"column":1}},"line":25},"5":{"name":"(anonymous_5)","decl":{"start":{"line":26,"column":9},"end":{"line":26,"column":10}},"loc":{"start":{"line":26,"column":21},"end":{"line":30,"column":3}},"line":26},"6":{"name":"(anonymous_6)","decl":{"start":{"line":27,"column":38},"end":{"line":27,"column":39}},"loc":{"start":{"line":27,"column":45},"end":{"line":29,"column":5}},"line":27},"7":{"name":"getMovieSuccess","decl":{"start":{"line":33,"column":16},"end":{"line":33,"column":31}},"loc":{"start":{"line":33,"column":39},"end":{"line":38,"column":1}},"line":33},"8":{"name":"getRecommendedMovies","decl":{"start":{"line":40,"column":16},"end":{"line":40,"column":36}},"loc":{"start":{"line":40,"column":45},"end":{"line":46,"column":1}},"line":40},"9":{"name":"(anonymous_9)","decl":{"start":{"line":41,"column":9},"end":{"line":41,"column":10}},"loc":{"start":{"line":41,"column":21},"end":{"line":45,"column":3}},"line":41},"10":{"name":"(anonymous_10)","decl":{"start":{"line":42,"column":54},"end":{"line":42,"column":55}},"loc":{"start":{"line":42,"column":61},"end":{"line":44,"column":5}},"line":42},"11":{"name":"getRecommendedMoviesSuccess","decl":{"start":{"line":48,"column":16},"end":{"line":48,"column":43}},"loc":{"start":{"line":48,"column":52},"end":{"line":53,"column":1}},"line":48},"12":{"name":"sortMovies","decl":{"start":{"line":55,"column":16},"end":{"line":55,"column":26}},"loc":{"start":{"line":55,"column":35},"end":{"line":61,"column":1}},"line":55},"13":{"name":"(anonymous_13)","decl":{"start":{"line":56,"column":9},"end":{"line":56,"column":10}},"loc":{"start":{"line":56,"column":21},"end":{"line":60,"column":3}},"line":56},"14":{"name":"(anonymous_14)","decl":{"start":{"line":57,"column":44},"end":{"line":57,"column":45}},"loc":{"start":{"line":57,"column":51},"end":{"line":59,"column":5}},"line":57},"15":{"name":"sortMoviesSuccess","decl":{"start":{"line":63,"column":16},"end":{"line":63,"column":33}},"loc":{"start":{"line":63,"column":42},"end":{"line":68,"column":1}},"line":63},"16":{"name":"searchMovies","decl":{"start":{"line":70,"column":16},"end":{"line":70,"column":28}},"loc":{"start":{"line":70,"column":52},"end":{"line":76,"column":1}},"line":70},"17":{"name":"(anonymous_17)","decl":{"start":{"line":71,"column":9},"end":{"line":71,"column":10}},"loc":{"start":{"line":71,"column":21},"end":{"line":75,"column":3}},"line":71},"18":{"name":"(anonymous_18)","decl":{"start":{"line":72,"column":61},"end":{"line":72,"column":62}},"loc":{"start":{"line":72,"column":68},"end":{"line":74,"column":5}},"line":72},"19":{"name":"searchMoviesSuccess","decl":{"start":{"line":78,"column":16},"end":{"line":78,"column":35}},"loc":{"start":{"line":78,"column":44},"end":{"line":83,"column":1}},"line":78}},"branchMap":{},"s":{"0":1,"1":1,"2":1,"3":2,"4":1,"5":1,"6":1,"7":2,"8":1,"9":1,"10":1,"11":2,"12":1,"13":1,"14":1,"15":2,"16":1,"17":1,"18":1,"19":2},"f":{"0":1,"1":1,"2":1,"3":2,"4":1,"5":1,"6":1,"7":2,"8":1,"9":1,"10":1,"11":2,"12":1,"13":1,"14":1,"15":2,"16":1,"17":1,"18":1,"19":2},"b":{},"_coverageSchema":"43e27e138ebf9cfc5966b082cf9a028302ed4184","hash":"2575dcbf4e5d318603658af5a8f41f6f75380d32"}
,"D:\\MENTORING\\epm-repo\\movies\\movies\\src\\redux\\actions\\actions.js": {"path":"D:\\MENTORING\\epm-repo\\movies\\movies\\src\\redux\\actions\\actions.js","statementMap":{"0":{"start":{"line":1,"column":30},"end":{"line":1,"column":46}},"1":{"start":{"line":2,"column":38},"end":{"line":2,"column":62}},"2":{"start":{"line":3,"column":33},"end":{"line":3,"column":52}},"3":{"start":{"line":4,"column":46},"end":{"line":4,"column":78}},"4":{"start":{"line":5,"column":35},"end":{"line":5,"column":56}},"5":{"start":{"line":6,"column":37},"end":{"line":6,"column":60}}},"fnMap":{},"branchMap":{},"s":{"0":7,"1":7,"2":7,"3":7,"4":7,"5":7},"f":{},"b":{},"_coverageSchema":"43e27e138ebf9cfc5966b082cf9a028302ed4184","hash":"56d436910c43b77dafca07a91cd88cc27769e047"}
,"D:\\MENTORING\\epm-repo\\movies\\movies\\src\\redux\\reducers\\reducer.js": {"path":"D:\\MENTORING\\epm-repo\\movies\\movies\\src\\redux\\reducers\\reducer.js","statementMap":{"0":{"start":{"line":3,"column":18},"end":{"line":7,"column":1}},"1":{"start":{"line":10,"column":2},"end":{"line":23,"column":3}},"2":{"start":{"line":12,"column":6},"end":{"line":12,"column":49}},"3":{"start":{"line":14,"column":6},"end":{"line":14,"column":47}},"4":{"start":{"line":16,"column":6},"end":{"line":16,"column":60}},"5":{"start":{"line":18,"column":6},"end":{"line":18,"column":49}},"6":{"start":{"line":20,"column":6},"end":{"line":20,"column":49}},"7":{"start":{"line":22,"column":6},"end":{"line":22,"column":19}}},"fnMap":{"0":{"name":"reducer","decl":{"start":{"line":9,"column":24},"end":{"line":9,"column":31}},"loc":{"start":{"line":9,"column":59},"end":{"line":24,"column":1}},"line":9}},"branchMap":{"0":{"loc":{"start":{"line":9,"column":32},"end":{"line":9,"column":49}},"type":"default-arg","locations":[{"start":{"line":9,"column":40},"end":{"line":9,"column":49}}],"line":9},"1":{"loc":{"start":{"line":10,"column":2},"end":{"line":23,"column":3}},"type":"switch","locations":[{"start":{"line":11,"column":4},"end":{"line":12,"column":49}},{"start":{"line":13,"column":4},"end":{"line":14,"column":47}},{"start":{"line":15,"column":4},"end":{"line":16,"column":60}},{"start":{"line":17,"column":4},"end":{"line":18,"column":49}},{"start":{"line":19,"column":4},"end":{"line":20,"column":49}},{"start":{"line":21,"column":4},"end":{"line":22,"column":19}}],"line":10}},"s":{"0":1,"1":6,"2":1,"3":1,"4":1,"5":1,"6":1,"7":1},"f":{"0":6},"b":{"0":[1],"1":[1,1,1,1,1,1]},"_coverageSchema":"43e27e138ebf9cfc5966b082cf9a028302ed4184","hash":"f5b2278211a84f2fd00c5adf65532164f5c087f9"}
,"D:\\MENTORING\\epm-repo\\movies\\movies\\src\\redux\\services\\services.js": {"path":"D:\\MENTORING\\epm-repo\\movies\\movies\\src\\redux\\services\\services.js","statementMap":{"0":{"start":{"line":4,"column":18},"end":{"line":6,"column":1}},"1":{"start":{"line":5,"column":2},"end":{"line":5,"column":56}},"2":{"start":{"line":5,"column":50},"end":{"line":5,"column":54}},"3":{"start":{"line":8,"column":17},"end":{"line":11,"column":1}},"4":{"start":{"line":9,"column":14},"end":{"line":9,"column":35}},"5":{"start":{"line":10,"column":2},"end":{"line":10,"column":49}},"6":{"start":{"line":10,"column":43},"end":{"line":10,"column":47}},"7":{"start":{"line":13,"column":29},"end":{"line":16,"column":1}},"8":{"start":{"line":14,"column":14},"end":{"line":14,"column":56}},"9":{"start":{"line":15,"column":2},"end":{"line":15,"column":49}},"10":{"start":{"line":15,"column":43},"end":{"line":15,"column":47}},"11":{"start":{"line":18,"column":19},"end":{"line":21,"column":1}},"12":{"start":{"line":19,"column":14},"end":{"line":19,"column":66}},"13":{"start":{"line":20,"column":2},"end":{"line":20,"column":49}},"14":{"start":{"line":20,"column":43},"end":{"line":20,"column":47}},"15":{"start":{"line":23,"column":21},"end":{"line":26,"column":1}},"16":{"start":{"line":24,"column":14},"end":{"line":24,"column":77}},"17":{"start":{"line":25,"column":2},"end":{"line":25,"column":49}},"18":{"start":{"line":25,"column":43},"end":{"line":25,"column":47}}},"fnMap":{"0":{"name":"(anonymous_0)","decl":{"start":{"line":4,"column":18},"end":{"line":4,"column":19}},"loc":{"start":{"line":4,"column":24},"end":{"line":6,"column":1}},"line":4},"1":{"name":"(anonymous_1)","decl":{"start":{"line":5,"column":36},"end":{"line":5,"column":37}},"loc":{"start":{"line":5,"column":50},"end":{"line":5,"column":54}},"line":5},"2":{"name":"(anonymous_2)","decl":{"start":{"line":8,"column":17},"end":{"line":8,"column":18}},"loc":{"start":{"line":8,"column":23},"end":{"line":11,"column":1}},"line":8},"3":{"name":"(anonymous_3)","decl":{"start":{"line":10,"column":29},"end":{"line":10,"column":30}},"loc":{"start":{"line":10,"column":43},"end":{"line":10,"column":47}},"line":10},"4":{"name":"(anonymous_4)","decl":{"start":{"line":13,"column":29},"end":{"line":13,"column":30}},"loc":{"start":{"line":13,"column":39},"end":{"line":16,"column":1}},"line":13},"5":{"name":"(anonymous_5)","decl":{"start":{"line":15,"column":29},"end":{"line":15,"column":30}},"loc":{"start":{"line":15,"column":43},"end":{"line":15,"column":47}},"line":15},"6":{"name":"(anonymous_6)","decl":{"start":{"line":18,"column":19},"end":{"line":18,"column":20}},"loc":{"start":{"line":18,"column":29},"end":{"line":21,"column":1}},"line":18},"7":{"name":"(anonymous_7)","decl":{"start":{"line":20,"column":29},"end":{"line":20,"column":30}},"loc":{"start":{"line":20,"column":43},"end":{"line":20,"column":47}},"line":20},"8":{"name":"(anonymous_8)","decl":{"start":{"line":23,"column":21},"end":{"line":23,"column":22}},"loc":{"start":{"line":23,"column":48},"end":{"line":26,"column":1}},"line":23},"9":{"name":"(anonymous_9)","decl":{"start":{"line":25,"column":29},"end":{"line":25,"column":30}},"loc":{"start":{"line":25,"column":43},"end":{"line":25,"column":47}},"line":25}},"branchMap":{},"s":{"0":7,"1":2,"2":2,"3":7,"4":2,"5":2,"6":2,"7":7,"8":2,"9":2,"10":2,"11":7,"12":2,"13":2,"14":2,"15":7,"16":2,"17":2,"18":2},"f":{"0":2,"1":2,"2":2,"3":2,"4":2,"5":2,"6":2,"7":2,"8":2,"9":2},"b":{},"_coverageSchema":"43e27e138ebf9cfc5966b082cf9a028302ed4184","hash":"18530b219dda2028a2340b162d90c7674a3ac224"}
}
